<?xml version="1.0" encoding="UTF-8"?>
<testsuite name="kata.TimelineStackTest" tests="1" skipped="0" failures="0" errors="0" timestamp="2021-04-18T19:19:53" hostname="Eyups-MacBook-Pro.local" time="0.016">
  <properties/>
  <testcase name="testTimelineStack()" classname="kata.TimelineStackTest" time="0.016"/>
  <system-out><![CDATA[]]></system-out>
  <system-err><![CDATA[]]></system-err>
</testsuite>
